Using pre-set license
Built from '2020.3/staging' branch; Version is '2020.3.10f1 (297d780c91bc) revision 2719096'; Using compiler version '192528614'; Build Type 'Release'
OS: 'Windows 10 Pro; OS build 19042.1288; Version 2009; 64bit' Language: 'ko' Physical Memory: 15774 MB
BatchMode: 1, IsHumanControllingUs: 0, StartBugReporterOnCrash: 0, Is64bit: 1, IsPro: 0

 COMMAND LINE ARGUMENTS:
C:\Program Files\Unity\Hub\Editor\2020.3.10f1\Editor\Unity.exe
-adb2
-batchMode
-noUpm
-name
AssetImportWorker0
-projectPath
C:/Git/K-means_Algorithm_with_Unity2D/K-means_Algorithm_with_Unity2D
-logFile
Logs/AssetImportWorker0.log
-srvPort
11102
Successfully changed project path to: C:/Git/K-means_Algorithm_with_Unity2D/K-means_Algorithm_with_Unity2D
C:/Git/K-means_Algorithm_with_Unity2D/K-means_Algorithm_with_Unity2D
Using Asset Import Pipeline V2.
Refreshing native plugins compatible for Editor in 33.72 ms, found 3 plugins.
Preloading 0 native plugins for Editor in 0.00 ms.
Initialize engine version: 2020.3.10f1 (297d780c91bc)
[Subsystems] Discovering subsystems at path C:/Program Files/Unity/Hub/Editor/2020.3.10f1/Editor/Data/Resources/UnitySubsystems
[Subsystems] Discovering subsystems at path C:/Git/K-means_Algorithm_with_Unity2D/K-means_Algorithm_with_Unity2D/Assets
GfxDevice: creating device client; threaded=0
Direct3D:
    Version:  Direct3D 11.0 [level 11.1]
    Renderer: NVIDIA GeForce RTX 3060 Laptop GPU (ID=0x2520)
    Vendor:   
    VRAM:     6023 MB
    Driver:   27.21.14.6647
Initialize mono
Mono path[0] = 'C:/Program Files/Unity/Hub/Editor/2020.3.10f1/Editor/Data/Managed'
Mono path[1] = 'C:/Program Files/Unity/Hub/Editor/2020.3.10f1/Editor/Data/MonoBleedingEdge/lib/mono/unityjit'
Mono config path = 'C:/Program Files/Unity/Hub/Editor/2020.3.10f1/Editor/Data/MonoBleedingEdge/etc'
Using monoOptions --debugger-agent=transport=dt_socket,embedding=1,server=y,suspend=n,address=127.0.0.1:56040
Begin MonoManager ReloadAssembly
Registering precompiled unity dll's ...
Register platform support module: C:/Program Files/Unity/Hub/Editor/2020.3.10f1/Editor/Data/PlaybackEngines/WebGLSupport/UnityEditor.WebGL.Extensions.dll
Register platform support module: C:/Program Files/Unity/Hub/Editor/2020.3.10f1/Editor/Data/PlaybackEngines/WindowsStandaloneSupport/UnityEditor.WindowsStandalone.Extensions.dll
Registered in 0.002580 seconds.
Native extension for WindowsStandalone target not found
Native extension for WebGL target not found
Refreshing native plugins compatible for Editor in 30.42 ms, found 3 plugins.
Preloading 0 native plugins for Editor in 0.00 ms.
Mono: successfully reloaded assembly
- Completed reload, in  0.970 seconds
Platform modules already initialized, skipping
Registering precompiled user dll's ...
Registered in 0.004025 seconds.
Begin MonoManager ReloadAssembly
Native extension for WindowsStandalone target not found
Native extension for WebGL target not found
Refreshing native plugins compatible for Editor in 30.31 ms, found 3 plugins.
Preloading 0 native plugins for Editor in 0.00 ms.
Mono: successfully reloaded assembly
- Completed reload, in  0.880 seconds
Platform modules already initialized, skipping
========================================================================
Worker process is ready to serve import requests
Launched and connected shader compiler UnityShaderCompiler.exe after 0.04 seconds
Refreshing native plugins compatible for Editor in 0.43 ms, found 3 plugins.
Preloading 0 native plugins for Editor in 0.00 ms.
Unloading 2083 Unused Serialized files (Serialized files now loaded: 0)
System memory in use before: 93.0 MB.
System memory in use after: 93.0 MB.

Unloading 33 unused Assets to reduce memory usage. Loaded Objects now: 2518.
Total: 2.233400 ms (FindLiveObjects: 0.172200 ms CreateObjectMapping: 0.073400 ms MarkObjects: 1.876500 ms  DeleteObjects: 0.110300 ms)

========================================================================
Received Import Request.
  path: Assets/Scripts/Algorithm_Manager.cs
  artifactKey: Guid(ba1b8866b9ffc5c4bb864912890baf12) Importer(815301076,1909f56bfc062723c751e8b465ee728b)
Start importing Assets/Scripts/Algorithm_Manager.cs using Guid(ba1b8866b9ffc5c4bb864912890baf12) Importer(815301076,1909f56bfc062723c751e8b465ee728b)  -> (artifact id: '5fead0871f14ebb782446842eeb33ead') in 0.017655 seconds
  Import took 0.020457 seconds .

========================================================================
Received Prepare
Registering precompiled user dll's ...
Registered in 0.004384 seconds.
Begin MonoManager ReloadAssembly
Native extension for WindowsStandalone target not found
Native extension for WebGL target not found
Refreshing native plugins compatible for Editor in 0.43 ms, found 3 plugins.
Preloading 0 native plugins for Editor in 0.00 ms.
Mono: successfully reloaded assembly
- Completed reload, in  0.752 seconds
Platform modules already initialized, skipping
Refreshing native plugins compatible for Editor in 0.43 ms, found 3 plugins.
Preloading 0 native plugins for Editor in 0.00 ms.
Unloading 2078 Unused Serialized files (Serialized files now loaded: 0)
System memory in use before: 93.0 MB.
System memory in use after: 93.0 MB.

Unloading 21 unused Assets to reduce memory usage. Loaded Objects now: 2522.
Total: 1.994700 ms (FindLiveObjects: 0.169200 ms CreateObjectMapping: 0.052200 ms MarkObjects: 1.687100 ms  DeleteObjects: 0.085200 ms)

========================================================================
Received Import Request.
  Time since last request: 236.675925 seconds.
  path: Assets/Scripts/Algorithm_Manager.cs
  artifactKey: Guid(ba1b8866b9ffc5c4bb864912890baf12) Importer(815301076,1909f56bfc062723c751e8b465ee728b)
Start importing Assets/Scripts/Algorithm_Manager.cs using Guid(ba1b8866b9ffc5c4bb864912890baf12) Importer(815301076,1909f56bfc062723c751e8b465ee728b)  -> (artifact id: '1bc9f348e68baa83bb4ae1bb0eb26b93') in 0.005119 seconds
  Import took 0.008125 seconds .

========================================================================
Received Import Request.
  Time since last request: 0.034640 seconds.
  path: Assets/Scripts/Algorithm_Manager.cs
  artifactKey: Guid(ba1b8866b9ffc5c4bb864912890baf12) Importer(815301076,1909f56bfc062723c751e8b465ee728b)
Start importing Assets/Scripts/Algorithm_Manager.cs using Guid(ba1b8866b9ffc5c4bb864912890baf12) Importer(815301076,1909f56bfc062723c751e8b465ee728b)  -> (artifact id: '1bc9f348e68baa83bb4ae1bb0eb26b93') in 0.001995 seconds
  Import took 0.005005 seconds .

========================================================================
Received Prepare
Registering precompiled user dll's ...
Registered in 0.004191 seconds.
Begin MonoManager ReloadAssembly
Native extension for WindowsStandalone target not found
Native extension for WebGL target not found
Refreshing native plugins compatible for Editor in 0.45 ms, found 3 plugins.
Preloading 0 native plugins for Editor in 0.00 ms.
Mono: successfully reloaded assembly
- Completed reload, in  0.770 seconds
Platform modules already initialized, skipping
Refreshing native plugins compatible for Editor in 0.46 ms, found 3 plugins.
Preloading 0 native plugins for Editor in 0.00 ms.
Unloading 2078 Unused Serialized files (Serialized files now loaded: 0)
System memory in use before: 93.0 MB.
System memory in use after: 93.0 MB.

Unloading 21 unused Assets to reduce memory usage. Loaded Objects now: 2526.
Total: 2.425400 ms (FindLiveObjects: 0.179900 ms CreateObjectMapping: 0.061900 ms MarkObjects: 2.085200 ms  DeleteObjects: 0.097300 ms)

